{"/Users/soyoung/Desktop/study/nuber-eats-backend/src/app.module.ts": {"path":"/Users/soyoung/Desktop/study/nuber-eats-backend/src/app.module.ts","statementMap":{"0":{"start":{"line":1,"column":0},"end":{"line":1,"column":null}},"1":{"start":{"line":7,"column":0},"end":{"line":7,"column":48}},"2":{"start":{"line":8,"column":0},"end":{"line":8,"column":48}},"3":{"start":{"line":9,"column":0},"end":{"line":9,"column":46}},"4":{"start":{"line":10,"column":0},"end":{"line":10,"column":27}},"5":{"start":{"line":12,"column":0},"end":{"line":12,"column":51}},"6":{"start":{"line":13,"column":0},"end":{"line":13,"column":54}},"7":{"start":{"line":14,"column":0},"end":{"line":14,"column":53}},"8":{"start":{"line":15,"column":0},"end":{"line":15,"column":45}},"9":{"start":{"line":16,"column":0},"end":{"line":16,"column":53}},"10":{"start":{"line":17,"column":0},"end":{"line":17,"column":68}},"11":{"start":{"line":18,"column":0},"end":{"line":18,"column":48}},"12":{"start":{"line":71,"column":0},"end":{"line":78,"column":null}},"13":{"start":{"line":73,"column":4},"end":{"line":76,"column":7}},"14":{"start":{"line":71,"column":13},"end":{"line":78,"column":null}},"15":{"start":{"line":42,"column":8},"end":{"line":44,"column":10}},"16":{"start":{"line":71,"column":13},"end":{"line":71,"column":22}}},"fnMap":{"0":{"name":"(anonymous_1)","decl":{"start":{"line":72,"column":2},"end":{"line":72,"column":11}},"loc":{"start":{"line":72,"column":40},"end":{"line":77,"column":3}}},"1":{"name":"(anonymous_2)","decl":{"start":{"line":41,"column":15},"end":{"line":41,"column":16}},"loc":{"start":{"line":41,"column":27},"end":{"line":45,"column":7}}}},"branchMap":{"0":{"loc":{"start":{"line":24,"column":52},"end":{"line":24,"column":62}},"type":"cond-expr","locations":[{"start":{"line":24,"column":52},"end":{"line":24,"column":62}},{"start":{"line":24,"column":65},"end":{"line":24,"column":76}}]}},"s":{"0":0,"1":0,"2":0,"3":0,"4":0,"5":0,"6":0,"7":0,"8":0,"9":0,"10":0,"11":0,"12":0,"13":0,"14":0,"15":0,"16":0},"f":{"0":0,"1":0},"b":{"0":[0,0]}}
,"/Users/soyoung/Desktop/study/nuber-eats-backend/src/main.ts": {"path":"/Users/soyoung/Desktop/study/nuber-eats-backend/src/main.ts","statementMap":{"0":{"start":{"line":1,"column":0},"end":{"line":1,"column":43}},"1":{"start":{"line":2,"column":0},"end":{"line":2,"column":41}},"2":{"start":{"line":3,"column":0},"end":{"line":3,"column":48}},"3":{"start":{"line":6,"column":14},"end":{"line":6,"column":49}},"4":{"start":{"line":7,"column":2},"end":{"line":7,"column":43}},"5":{"start":{"line":8,"column":2},"end":{"line":8,"column":25}},"6":{"start":{"line":10,"column":0},"end":{"line":10,"column":12}}},"fnMap":{"0":{"name":"bootstrap","decl":{"start":{"line":5,"column":15},"end":{"line":5,"column":24}},"loc":{"start":{"line":5,"column":24},"end":{"line":9,"column":1}}}},"branchMap":{},"s":{"0":0,"1":0,"2":0,"3":0,"4":0,"5":0,"6":0},"f":{"0":0},"b":{}}
,"/Users/soyoung/Desktop/study/nuber-eats-backend/src/auth/auth-user.decorator.ts": {"path":"/Users/soyoung/Desktop/study/nuber-eats-backend/src/auth/auth-user.decorator.ts","statementMap":{"0":{"start":{"line":1,"column":0},"end":{"line":1,"column":72}},"1":{"start":{"line":2,"column":0},"end":{"line":2,"column":54}},"2":{"start":{"line":4,"column":13},"end":{"line":9,"column":2}},"3":{"start":{"line":6,"column":23},"end":{"line":6,"column":71}},"4":{"start":{"line":7,"column":4},"end":{"line":7,"column":30}}},"fnMap":{"0":{"name":"(anonymous_0)","decl":{"start":{"line":5,"column":2},"end":{"line":5,"column":3}},"loc":{"start":{"line":5,"column":38},"end":{"line":8,"column":3}}}},"branchMap":{},"s":{"0":0,"1":0,"2":0,"3":0,"4":0},"f":{"0":0},"b":{}}
,"/Users/soyoung/Desktop/study/nuber-eats-backend/src/auth/auth.guard.ts": {"path":"/Users/soyoung/Desktop/study/nuber-eats-backend/src/auth/auth.guard.ts","statementMap":{"0":{"start":{"line":1,"column":0},"end":{"line":1,"column":75}},"1":{"start":{"line":2,"column":0},"end":{"line":2,"column":54}},"2":{"start":{"line":5,"column":0},"end":{"line":17,"column":null}},"3":{"start":{"line":7,"column":4},"end":{"line":15,"column":null}},"4":{"start":{"line":8,"column":25},"end":{"line":8,"column":73}},"5":{"start":{"line":9,"column":6},"end":{"line":11,"column":null}},"6":{"start":{"line":10,"column":8},"end":{"line":10,"column":20}},"7":{"start":{"line":12,"column":6},"end":{"line":12,"column":19}},"8":{"start":{"line":14,"column":6},"end":{"line":14,"column":25}},"9":{"start":{"line":5,"column":13},"end":{"line":17,"column":null}},"10":{"start":{"line":5,"column":13},"end":{"line":5,"column":22}}},"fnMap":{"0":{"name":"(anonymous_1)","decl":{"start":{"line":6,"column":2},"end":{"line":6,"column":13}},"loc":{"start":{"line":6,"column":39},"end":{"line":16,"column":3}}}},"branchMap":{"0":{"loc":{"start":{"line":9,"column":6},"end":{"line":11,"column":null}},"type":"if","locations":[{"start":{"line":9,"column":6},"end":{"line":11,"column":null}},{"start":{"line":9,"column":6},"end":{"line":11,"column":null}}]}},"s":{"0":0,"1":0,"2":0,"3":0,"4":0,"5":0,"6":0,"7":0,"8":0,"9":0,"10":0},"f":{"0":0},"b":{"0":[0,0]}}
,"/Users/soyoung/Desktop/study/nuber-eats-backend/src/auth/auth.module.ts": {"path":"/Users/soyoung/Desktop/study/nuber-eats-backend/src/auth/auth.module.ts","statementMap":{"0":{"start":{"line":1,"column":0},"end":{"line":1,"column":48}},"1":{"start":{"line":4,"column":0},"end":{"line":4,"column":null}},"2":{"start":{"line":4,"column":13},"end":{"line":4,"column":null}},"3":{"start":{"line":4,"column":13},"end":{"line":4,"column":23}}},"fnMap":{},"branchMap":{},"s":{"0":0,"1":0,"2":0,"3":0},"f":{},"b":{}}
,"/Users/soyoung/Desktop/study/nuber-eats-backend/src/common/common.module.ts": {"path":"/Users/soyoung/Desktop/study/nuber-eats-backend/src/common/common.module.ts","statementMap":{"0":{"start":{"line":1,"column":0},"end":{"line":1,"column":40}},"1":{"start":{"line":4,"column":0},"end":{"line":4,"column":null}},"2":{"start":{"line":4,"column":13},"end":{"line":4,"column":null}},"3":{"start":{"line":4,"column":13},"end":{"line":4,"column":25}}},"fnMap":{},"branchMap":{},"s":{"0":0,"1":0,"2":0,"3":0},"f":{},"b":{}}
,"/Users/soyoung/Desktop/study/nuber-eats-backend/src/jwt/jwt.middleware.ts": {"path":"/Users/soyoung/Desktop/study/nuber-eats-backend/src/jwt/jwt.middleware.ts","statementMap":{"0":{"start":{"line":1,"column":0},"end":{"line":1,"column":60}},"1":{"start":{"line":3,"column":0},"end":{"line":3,"column":43}},"2":{"start":{"line":4,"column":0},"end":{"line":4,"column":55}},"3":{"start":{"line":7,"column":0},"end":{"line":25,"column":null}},"4":{"start":{"line":9,"column":21},"end":{"line":9,"column":33}},"5":{"start":{"line":10,"column":21},"end":{"line":10,"column":34}},"6":{"start":{"line":13,"column":4},"end":{"line":22,"column":null}},"7":{"start":{"line":14,"column":20},"end":{"line":14,"column":40}},"8":{"start":{"line":15,"column":26},"end":{"line":15,"column":66}},"9":{"start":{"line":16,"column":6},"end":{"line":21,"column":null}},"10":{"start":{"line":17,"column":8},"end":{"line":20,"column":26}},"11":{"start":{"line":18,"column":23},"end":{"line":18,"column":65}},"12":{"start":{"line":19,"column":10},"end":{"line":19,"column":29}},"13":{"start":{"line":23,"column":4},"end":{"line":23,"column":11}},"14":{"start":{"line":7,"column":13},"end":{"line":25,"column":null}},"15":{"start":{"line":7,"column":13},"end":{"line":7,"column":26}}},"fnMap":{"0":{"name":"(anonymous_2)","decl":{"start":{"line":8,"column":2},"end":{"line":8,"column":null}},"loc":{"start":{"line":10,"column":46},"end":{"line":11,"column":6}}},"1":{"name":"(anonymous_3)","decl":{"start":{"line":12,"column":2},"end":{"line":12,"column":7}},"loc":{"start":{"line":12,"column":59},"end":{"line":24,"column":3}}}},"branchMap":{"0":{"loc":{"start":{"line":13,"column":4},"end":{"line":22,"column":null}},"type":"if","locations":[{"start":{"line":13,"column":4},"end":{"line":22,"column":null}},{"start":{"line":13,"column":4},"end":{"line":22,"column":null}}]},"1":{"loc":{"start":{"line":16,"column":6},"end":{"line":21,"column":null}},"type":"if","locations":[{"start":{"line":16,"column":6},"end":{"line":21,"column":null}},{"start":{"line":16,"column":6},"end":{"line":21,"column":null}}]},"2":{"loc":{"start":{"line":16,"column":10},"end":{"line":16,"column":36}},"type":"binary-expr","locations":[{"start":{"line":16,"column":10},"end":{"line":16,"column":36}},{"start":{"line":16,"column":40},"end":{"line":16,"column":67}}]}},"s":{"0":0,"1":0,"2":0,"3":0,"4":0,"5":0,"6":0,"7":0,"8":0,"9":0,"10":0,"11":0,"12":0,"13":0,"14":0,"15":0},"f":{"0":0,"1":0},"b":{"0":[0,0],"1":[0,0],"2":[0,0]}}
,"/Users/soyoung/Desktop/study/nuber-eats-backend/src/jwt/jwt.module.ts": {"path":"/Users/soyoung/Desktop/study/nuber-eats-backend/src/jwt/jwt.module.ts","statementMap":{"0":{"start":{"line":1,"column":0},"end":{"line":1,"column":63}},"1":{"start":{"line":2,"column":0},"end":{"line":2,"column":43}},"2":{"start":{"line":4,"column":0},"end":{"line":4,"column":71}},"3":{"start":{"line":10,"column":22},"end":{"line":24,"column":null}},"4":{"start":{"line":12,"column":4},"end":{"line":22,"column":6}},"5":{"start":{"line":10,"column":13},"end":{"line":24,"column":null}},"6":{"start":{"line":10,"column":13},"end":{"line":10,"column":22}}},"fnMap":{"0":{"name":"(anonymous_1)","decl":{"start":{"line":11,"column":2},"end":{"line":11,"column":8}},"loc":{"start":{"line":11,"column":51},"end":{"line":23,"column":3}}}},"branchMap":{},"s":{"0":0,"1":0,"2":0,"3":0,"4":0,"5":0,"6":0},"f":{"0":0},"b":{}}
,"/Users/soyoung/Desktop/study/nuber-eats-backend/src/jwt/jwt.service.ts": {"path":"/Users/soyoung/Desktop/study/nuber-eats-backend/src/jwt/jwt.service.ts","statementMap":{"0":{"start":{"line":1,"column":0},"end":{"line":1,"column":60}},"1":{"start":{"line":3,"column":0},"end":{"line":3,"column":36}},"2":{"start":{"line":4,"column":0},"end":{"line":4,"column":71}},"3":{"start":{"line":8,"column":0},"end":{"line":20,"column":null}},"4":{"start":{"line":10,"column":45},"end":{"line":10,"column":70}},"5":{"start":{"line":14,"column":4},"end":{"line":14,"column":54}},"6":{"start":{"line":18,"column":4},"end":{"line":18,"column":54}},"7":{"start":{"line":8,"column":13},"end":{"line":20,"column":null}},"8":{"start":{"line":8,"column":13},"end":{"line":8,"column":23}}},"fnMap":{"0":{"name":"(anonymous_4)","decl":{"start":{"line":9,"column":2},"end":{"line":9,"column":null}},"loc":{"start":{"line":10,"column":70},"end":{"line":11,"column":6}}},"1":{"name":"(anonymous_5)","decl":{"start":{"line":13,"column":2},"end":{"line":13,"column":6}},"loc":{"start":{"line":13,"column":22},"end":{"line":15,"column":3}}},"2":{"name":"(anonymous_6)","decl":{"start":{"line":17,"column":2},"end":{"line":17,"column":8}},"loc":{"start":{"line":17,"column":22},"end":{"line":19,"column":3}}}},"branchMap":{},"s":{"0":2,"1":2,"2":2,"3":2,"4":0,"5":0,"6":0,"7":2,"8":2},"f":{"0":0,"1":0,"2":0},"b":{}}
,"/Users/soyoung/Desktop/study/nuber-eats-backend/src/mail/mail.module.ts": {"path":"/Users/soyoung/Desktop/study/nuber-eats-backend/src/mail/mail.module.ts","statementMap":{"0":{"start":{"line":1,"column":0},"end":{"line":1,"column":63}},"1":{"start":{"line":3,"column":0},"end":{"line":3,"column":71}},"2":{"start":{"line":4,"column":0},"end":{"line":4,"column":45}},"3":{"start":{"line":8,"column":23},"end":{"line":16,"column":null}},"4":{"start":{"line":10,"column":4},"end":{"line":14,"column":6}},"5":{"start":{"line":8,"column":13},"end":{"line":16,"column":null}},"6":{"start":{"line":8,"column":13},"end":{"line":8,"column":23}}},"fnMap":{"0":{"name":"(anonymous_1)","decl":{"start":{"line":9,"column":2},"end":{"line":9,"column":8}},"loc":{"start":{"line":9,"column":43},"end":{"line":15,"column":3}}}},"branchMap":{},"s":{"0":0,"1":0,"2":0,"3":0,"4":0,"5":0,"6":0},"f":{"0":0},"b":{}}
,"/Users/soyoung/Desktop/study/nuber-eats-backend/src/mail/mail.service.ts": {"path":"/Users/soyoung/Desktop/study/nuber-eats-backend/src/mail/mail.service.ts","statementMap":{"0":{"start":{"line":1,"column":0},"end":{"line":1,"column":60}},"1":{"start":{"line":2,"column":0},"end":{"line":2,"column":71}},"2":{"start":{"line":4,"column":0},"end":{"line":4,"column":22}},"3":{"start":{"line":5,"column":0},"end":{"line":5,"column":38}},"4":{"start":{"line":9,"column":0},"end":{"line":63,"column":null}},"5":{"start":{"line":11,"column":45},"end":{"line":11,"column":71}},"6":{"start":{"line":13,"column":4},"end":{"line":13,"column":42}},"7":{"start":{"line":21,"column":17},"end":{"line":21,"column":31}},"8":{"start":{"line":22,"column":4},"end":{"line":22,"column":74}},"9":{"start":{"line":23,"column":4},"end":{"line":23,"column":45}},"10":{"start":{"line":24,"column":4},"end":{"line":24,"column":36}},"11":{"start":{"line":26,"column":4},"end":{"line":26,"column":38}},"12":{"start":{"line":30,"column":4},"end":{"line":32,"column":7}},"13":{"start":{"line":31,"column":6},"end":{"line":31,"column":37}},"14":{"start":{"line":34,"column":4},"end":{"line":48,"column":null}},"15":{"start":{"line":35,"column":23},"end":{"line":44,"column":null}},"16":{"start":{"line":47,"column":6},"end":{"line":47,"column":27}},"17":{"start":{"line":52,"column":4},"end":{"line":61,"column":7}},"18":{"start":{"line":9,"column":13},"end":{"line":63,"column":null}},"19":{"start":{"line":9,"column":13},"end":{"line":9,"column":24}}},"fnMap":{"0":{"name":"(anonymous_4)","decl":{"start":{"line":10,"column":2},"end":{"line":10,"column":null}},"loc":{"start":{"line":11,"column":71},"end":{"line":14,"column":3}}},"1":{"name":"(anonymous_5)","decl":{"start":{"line":16,"column":10},"end":{"line":16,"column":15}},"loc":{"start":{"line":19,"column":25},"end":{"line":49,"column":3}}},"2":{"name":"(anonymous_6)","decl":{"start":{"line":30,"column":17},"end":{"line":30,"column":18}},"loc":{"start":{"line":30,"column":36},"end":{"line":32,"column":5}}},"3":{"name":"(anonymous_7)","decl":{"start":{"line":51,"column":2},"end":{"line":51,"column":23}},"loc":{"start":{"line":51,"column":51},"end":{"line":62,"column":3}}}},"branchMap":{},"s":{"0":1,"1":1,"2":1,"3":1,"4":1,"5":0,"6":0,"7":0,"8":0,"9":0,"10":0,"11":0,"12":0,"13":0,"14":0,"15":0,"16":0,"17":0,"18":1,"19":1},"f":{"0":0,"1":0,"2":0,"3":0},"b":{}}
,"/Users/soyoung/Desktop/study/nuber-eats-backend/src/restaurants/restaturants.service.ts": {"path":"/Users/soyoung/Desktop/study/nuber-eats-backend/src/restaurants/restaturants.service.ts","statementMap":{"0":{"start":{"line":1,"column":0},"end":{"line":1,"column":44}},"1":{"start":{"line":2,"column":0},"end":{"line":2,"column":58}},"2":{"start":{"line":3,"column":0},"end":{"line":3,"column":51}},"3":{"start":{"line":4,"column":0},"end":{"line":4,"column":37}},"4":{"start":{"line":8,"column":0},"end":{"line":28,"column":null}},"5":{"start":{"line":11,"column":21},"end":{"line":11,"column":34}},"6":{"start":{"line":15,"column":4},"end":{"line":15,"column":35}},"7":{"start":{"line":21,"column":26},"end":{"line":21,"column":70}},"8":{"start":{"line":22,"column":4},"end":{"line":22,"column":48}},"9":{"start":{"line":25,"column":23},"end":{"line":25,"column":28}},"10":{"start":{"line":25,"column":32},"end":{"line":25,"column":55}},"11":{"start":{"line":26,"column":4},"end":{"line":26,"column":56}},"12":{"start":{"line":8,"column":13},"end":{"line":28,"column":null}},"13":{"start":{"line":8,"column":13},"end":{"line":8,"column":30}}},"fnMap":{"0":{"name":"(anonymous_5)","decl":{"start":{"line":9,"column":2},"end":{"line":9,"column":null}},"loc":{"start":{"line":11,"column":56},"end":{"line":12,"column":6}}},"1":{"name":"(anonymous_6)","decl":{"start":{"line":14,"column":2},"end":{"line":14,"column":8}},"loc":{"start":{"line":14,"column":8},"end":{"line":16,"column":3}}},"2":{"name":"(anonymous_7)","decl":{"start":{"line":18,"column":2},"end":{"line":18,"column":18}},"loc":{"start":{"line":19,"column":44},"end":{"line":23,"column":3}}},"3":{"name":"(anonymous_8)","decl":{"start":{"line":25,"column":2},"end":{"line":25,"column":18}},"loc":{"start":{"line":25,"column":55},"end":{"line":27,"column":3}}}},"branchMap":{},"s":{"0":0,"1":0,"2":0,"3":0,"4":0,"5":0,"6":0,"7":0,"8":0,"9":0,"10":0,"11":0,"12":0,"13":0},"f":{"0":0,"1":0,"2":0,"3":0},"b":{}}
,"/Users/soyoung/Desktop/study/nuber-eats-backend/src/restaurants/restaurants.module.ts": {"path":"/Users/soyoung/Desktop/study/nuber-eats-backend/src/restaurants/restaurants.module.ts","statementMap":{"0":{"start":{"line":1,"column":0},"end":{"line":1,"column":40}},"1":{"start":{"line":2,"column":0},"end":{"line":2,"column":60}},"2":{"start":{"line":3,"column":0},"end":{"line":3,"column":40}},"3":{"start":{"line":4,"column":0},"end":{"line":4,"column":48}},"4":{"start":{"line":5,"column":0},"end":{"line":5,"column":58}},"5":{"start":{"line":6,"column":0},"end":{"line":6,"column":59}},"6":{"start":{"line":12,"column":0},"end":{"line":17,"column":null}},"7":{"start":{"line":15,"column":4},"end":{"line":15,"column":16}},"8":{"start":{"line":14,"column":2},"end":{"line":16,"column":null}},"9":{"start":{"line":13,"column":22},"end":{"line":13,"column":29}},"10":{"start":{"line":12,"column":13},"end":{"line":17,"column":null}},"11":{"start":{"line":12,"column":13},"end":{"line":12,"column":30}}},"fnMap":{"0":{"name":"(anonymous_2)","decl":{"start":{"line":14,"column":2},"end":{"line":14,"column":13}},"loc":{"start":{"line":14,"column":13},"end":{"line":16,"column":3}}},"1":{"name":"(anonymous_3)","decl":{"start":{"line":13,"column":9},"end":{"line":13,"column":10}},"loc":{"start":{"line":13,"column":22},"end":{"line":13,"column":29}}}},"branchMap":{},"s":{"0":0,"1":0,"2":0,"3":0,"4":0,"5":0,"6":0,"7":0,"8":0,"9":0,"10":0,"11":0},"f":{"0":0,"1":0},"b":{}}
,"/Users/soyoung/Desktop/study/nuber-eats-backend/src/restaurants/restaurants.resolver.ts": {"path":"/Users/soyoung/Desktop/study/nuber-eats-backend/src/restaurants/restaurants.resolver.ts","statementMap":{"0":{"start":{"line":1,"column":0},"end":{"line":1,"column":77}},"1":{"start":{"line":2,"column":0},"end":{"line":2,"column":58}},"2":{"start":{"line":3,"column":0},"end":{"line":3,"column":68}},"3":{"start":{"line":4,"column":0},"end":{"line":4,"column":59}},"4":{"start":{"line":5,"column":0},"end":{"line":5,"column":67}},"5":{"start":{"line":8,"column":0},"end":{"line":40,"column":null}},"6":{"start":{"line":9,"column":31},"end":{"line":9,"column":50}},"7":{"start":{"line":13,"column":4},"end":{"line":13,"column":43}},"8":{"start":{"line":20,"column":4},"end":{"line":25,"column":null}},"9":{"start":{"line":21,"column":6},"end":{"line":21,"column":73}},"10":{"start":{"line":22,"column":6},"end":{"line":22,"column":18}},"11":{"start":{"line":24,"column":6},"end":{"line":24,"column":19}},"12":{"start":{"line":33,"column":4},"end":{"line":38,"column":null}},"13":{"start":{"line":34,"column":6},"end":{"line":34,"column":69}},"14":{"start":{"line":35,"column":6},"end":{"line":35,"column":18}},"15":{"start":{"line":37,"column":6},"end":{"line":37,"column":19}},"16":{"start":{"line":12,"column":2},"end":{"line":14,"column":null}},"17":{"start":{"line":11,"column":22},"end":{"line":11,"column":34}},"18":{"start":{"line":17,"column":2},"end":{"line":26,"column":null}},"19":{"start":{"line":16,"column":25},"end":{"line":16,"column":32}},"20":{"start":{"line":29,"column":2},"end":{"line":39,"column":null}},"21":{"start":{"line":28,"column":25},"end":{"line":28,"column":32}},"22":{"start":{"line":8,"column":13},"end":{"line":40,"column":null}},"23":{"start":{"line":7,"column":18},"end":{"line":7,"column":28}},"24":{"start":{"line":8,"column":13},"end":{"line":8,"column":31}}},"fnMap":{"0":{"name":"(anonymous_4)","decl":{"start":{"line":9,"column":2},"end":{"line":9,"column":31}},"loc":{"start":{"line":9,"column":67},"end":{"line":9,"column":71}}},"1":{"name":"(anonymous_5)","decl":{"start":{"line":12,"column":2},"end":{"line":12,"column":13}},"loc":{"start":{"line":12,"column":13},"end":{"line":14,"column":3}}},"2":{"name":"(anonymous_6)","decl":{"start":{"line":17,"column":2},"end":{"line":17,"column":7}},"loc":{"start":{"line":18,"column":59},"end":{"line":26,"column":3}}},"3":{"name":"(anonymous_7)","decl":{"start":{"line":29,"column":2},"end":{"line":29,"column":7}},"loc":{"start":{"line":31,"column":43},"end":{"line":39,"column":3}}},"4":{"name":"(anonymous_8)","decl":{"start":{"line":11,"column":9},"end":{"line":11,"column":10}},"loc":{"start":{"line":11,"column":22},"end":{"line":11,"column":34}}},"5":{"name":"(anonymous_9)","decl":{"start":{"line":16,"column":12},"end":{"line":16,"column":13}},"loc":{"start":{"line":16,"column":25},"end":{"line":16,"column":32}}},"6":{"name":"(anonymous_10)","decl":{"start":{"line":28,"column":12},"end":{"line":28,"column":13}},"loc":{"start":{"line":28,"column":25},"end":{"line":28,"column":32}}},"7":{"name":"(anonymous_11)","decl":{"start":{"line":7,"column":10},"end":{"line":7,"column":11}},"loc":{"start":{"line":7,"column":18},"end":{"line":7,"column":28}}}},"branchMap":{},"s":{"0":0,"1":0,"2":0,"3":0,"4":0,"5":0,"6":0,"7":0,"8":0,"9":0,"10":0,"11":0,"12":0,"13":0,"14":0,"15":0,"16":0,"17":0,"18":0,"19":0,"20":0,"21":0,"22":0,"23":0,"24":0},"f":{"0":0,"1":0,"2":0,"3":0,"4":0,"5":0,"6":0,"7":0},"b":{}}
,"/Users/soyoung/Desktop/study/nuber-eats-backend/src/users/users.module.ts": {"path":"/Users/soyoung/Desktop/study/nuber-eats-backend/src/users/users.module.ts","statementMap":{"0":{"start":{"line":1,"column":0},"end":{"line":1,"column":40}},"1":{"start":{"line":2,"column":0},"end":{"line":2,"column":48}},"2":{"start":{"line":3,"column":0},"end":{"line":3,"column":47}},"3":{"start":{"line":4,"column":0},"end":{"line":4,"column":49}},"4":{"start":{"line":5,"column":0},"end":{"line":5,"column":47}},"5":{"start":{"line":6,"column":0},"end":{"line":6,"column":62}},"6":{"start":{"line":13,"column":0},"end":{"line":13,"column":null}},"7":{"start":{"line":13,"column":13},"end":{"line":13,"column":null}},"8":{"start":{"line":13,"column":13},"end":{"line":13,"column":24}}},"fnMap":{},"branchMap":{},"s":{"0":0,"1":0,"2":0,"3":0,"4":0,"5":0,"6":0,"7":0,"8":0},"f":{},"b":{}}
,"/Users/soyoung/Desktop/study/nuber-eats-backend/src/users/users.resolver.ts": {"path":"/Users/soyoung/Desktop/study/nuber-eats-backend/src/users/users.resolver.ts","statementMap":{"0":{"start":{"line":1,"column":0},"end":{"line":1,"column":66}},"1":{"start":{"line":2,"column":0},"end":{"line":2,"column":47}},"2":{"start":{"line":3,"column":0},"end":{"line":3,"column":47}},"3":{"start":{"line":4,"column":0},"end":{"line":4,"column":null}},"4":{"start":{"line":8,"column":0},"end":{"line":8,"column":59}},"5":{"start":{"line":9,"column":0},"end":{"line":9,"column":43}},"6":{"start":{"line":10,"column":0},"end":{"line":10,"column":48}},"7":{"start":{"line":11,"column":0},"end":{"line":11,"column":56}},"8":{"start":{"line":12,"column":0},"end":{"line":12,"column":59}},"9":{"start":{"line":13,"column":0},"end":{"line":13,"column":78}},"10":{"start":{"line":14,"column":0},"end":{"line":14,"column":79}},"11":{"start":{"line":17,"column":0},"end":{"line":72,"column":null}},"12":{"start":{"line":18,"column":31},"end":{"line":18,"column":45}},"13":{"start":{"line":22,"column":4},"end":{"line":22,"column":16}},"14":{"start":{"line":29,"column":4},"end":{"line":29,"column":63}},"15":{"start":{"line":34,"column":4},"end":{"line":42,"column":null}},"16":{"start":{"line":35,"column":35},"end":{"line":35,"column":71}},"17":{"start":{"line":36,"column":6},"end":{"line":36,"column":34}},"18":{"start":{"line":38,"column":6},"end":{"line":41,"column":8}},"19":{"start":{"line":48,"column":4},"end":{"line":48,"column":20}},"20":{"start":{"line":54,"column":4},"end":{"line":54,"column":41}},"21":{"start":{"line":63,"column":4},"end":{"line":63,"column":61}},"22":{"start":{"line":70,"column":4},"end":{"line":70,"column":47}},"23":{"start":{"line":21,"column":2},"end":{"line":23,"column":null}},"24":{"start":{"line":20,"column":22},"end":{"line":20,"column":29}},"25":{"start":{"line":26,"column":2},"end":{"line":30,"column":null}},"26":{"start":{"line":25,"column":25},"end":{"line":25,"column":44}},"27":{"start":{"line":33,"column":2},"end":{"line":43,"column":null}},"28":{"start":{"line":32,"column":25},"end":{"line":32,"column":36}},"29":{"start":{"line":47,"column":2},"end":{"line":49,"column":null}},"30":{"start":{"line":45,"column":22},"end":{"line":45,"column":26}},"31":{"start":{"line":53,"column":2},"end":{"line":55,"column":null}},"32":{"start":{"line":51,"column":22},"end":{"line":51,"column":26}},"33":{"start":{"line":59,"column":2},"end":{"line":64,"column":null}},"34":{"start":{"line":57,"column":25},"end":{"line":57,"column":42}},"35":{"start":{"line":67,"column":2},"end":{"line":71,"column":null}},"36":{"start":{"line":66,"column":25},"end":{"line":66,"column":42}},"37":{"start":{"line":17,"column":13},"end":{"line":72,"column":null}},"38":{"start":{"line":16,"column":18},"end":{"line":16,"column":22}},"39":{"start":{"line":17,"column":13},"end":{"line":17,"column":26}}},"fnMap":{"0":{"name":"(anonymous_4)","decl":{"start":{"line":18,"column":2},"end":{"line":18,"column":31}},"loc":{"start":{"line":18,"column":57},"end":{"line":18,"column":61}}},"1":{"name":"(anonymous_5)","decl":{"start":{"line":21,"column":2},"end":{"line":21,"column":4}},"loc":{"start":{"line":21,"column":4},"end":{"line":23,"column":3}}},"2":{"name":"(anonymous_6)","decl":{"start":{"line":26,"column":2},"end":{"line":26,"column":15}},"loc":{"start":{"line":27,"column":57},"end":{"line":30,"column":3}}},"3":{"name":"(anonymous_7)","decl":{"start":{"line":33,"column":2},"end":{"line":33,"column":7}},"loc":{"start":{"line":33,"column":46},"end":{"line":43,"column":3}}},"4":{"name":"(anonymous_8)","decl":{"start":{"line":47,"column":2},"end":{"line":47,"column":4}},"loc":{"start":{"line":47,"column":31},"end":{"line":49,"column":3}}},"5":{"name":"(anonymous_9)","decl":{"start":{"line":53,"column":2},"end":{"line":53,"column":13}},"loc":{"start":{"line":53,"column":45},"end":{"line":55,"column":3}}},"6":{"name":"(anonymous_10)","decl":{"start":{"line":59,"column":2},"end":{"line":59,"column":13}},"loc":{"start":{"line":61,"column":42},"end":{"line":64,"column":3}}},"7":{"name":"(anonymous_11)","decl":{"start":{"line":67,"column":2},"end":{"line":67,"column":13}},"loc":{"start":{"line":68,"column":45},"end":{"line":71,"column":3}}},"8":{"name":"(anonymous_12)","decl":{"start":{"line":20,"column":9},"end":{"line":20,"column":10}},"loc":{"start":{"line":20,"column":22},"end":{"line":20,"column":29}}},"9":{"name":"(anonymous_13)","decl":{"start":{"line":25,"column":12},"end":{"line":25,"column":13}},"loc":{"start":{"line":25,"column":25},"end":{"line":25,"column":44}}},"10":{"name":"(anonymous_14)","decl":{"start":{"line":32,"column":12},"end":{"line":32,"column":13}},"loc":{"start":{"line":32,"column":25},"end":{"line":32,"column":36}}},"11":{"name":"(anonymous_15)","decl":{"start":{"line":45,"column":9},"end":{"line":45,"column":10}},"loc":{"start":{"line":45,"column":22},"end":{"line":45,"column":26}}},"12":{"name":"(anonymous_16)","decl":{"start":{"line":51,"column":9},"end":{"line":51,"column":10}},"loc":{"start":{"line":51,"column":22},"end":{"line":51,"column":26}}},"13":{"name":"(anonymous_17)","decl":{"start":{"line":57,"column":12},"end":{"line":57,"column":13}},"loc":{"start":{"line":57,"column":25},"end":{"line":57,"column":42}}},"14":{"name":"(anonymous_18)","decl":{"start":{"line":66,"column":12},"end":{"line":66,"column":13}},"loc":{"start":{"line":66,"column":25},"end":{"line":66,"column":42}}},"15":{"name":"(anonymous_19)","decl":{"start":{"line":16,"column":10},"end":{"line":16,"column":11}},"loc":{"start":{"line":16,"column":18},"end":{"line":16,"column":22}}}},"branchMap":{},"s":{"0":0,"1":0,"2":0,"3":0,"4":0,"5":0,"6":0,"7":0,"8":0,"9":0,"10":0,"11":0,"12":0,"13":0,"14":0,"15":0,"16":0,"17":0,"18":0,"19":0,"20":0,"21":0,"22":0,"23":0,"24":0,"25":0,"26":0,"27":0,"28":0,"29":0,"30":0,"31":0,"32":0,"33":0,"34":0,"35":0,"36":0,"37":0,"38":0,"39":0},"f":{"0":0,"1":0,"2":0,"3":0,"4":0,"5":0,"6":0,"7":0,"8":0,"9":0,"10":0,"11":0,"12":0,"13":0,"14":0,"15":0},"b":{}}
,"/Users/soyoung/Desktop/study/nuber-eats-backend/src/users/users.service.ts": {"path":"/Users/soyoung/Desktop/study/nuber-eats-backend/src/users/users.service.ts","statementMap":{"0":{"start":{"line":1,"column":0},"end":{"line":1,"column":51}},"1":{"start":{"line":2,"column":0},"end":{"line":2,"column":44}},"2":{"start":{"line":3,"column":0},"end":{"line":3,"column":47}},"3":{"start":{"line":4,"column":0},"end":{"line":4,"column":37}},"4":{"start":{"line":7,"column":0},"end":{"line":7,"column":47}},"5":{"start":{"line":8,"column":0},"end":{"line":8,"column":49}},"6":{"start":{"line":10,"column":0},"end":{"line":10,"column":62}},"7":{"start":{"line":11,"column":0},"end":{"line":11,"column":52}},"8":{"start":{"line":14,"column":0},"end":{"line":144,"column":null}},"9":{"start":{"line":16,"column":45},"end":{"line":16,"column":52}},"10":{"start":{"line":18,"column":21},"end":{"line":18,"column":36}},"11":{"start":{"line":21,"column":21},"end":{"line":21,"column":29}},"12":{"start":{"line":22,"column":21},"end":{"line":22,"column":33}},"13":{"start":{"line":23,"column":21},"end":{"line":23,"column":34}},"14":{"start":{"line":32,"column":4},"end":{"line":50,"column":null}},"15":{"start":{"line":33,"column":21},"end":{"line":35,"column":null}},"16":{"start":{"line":37,"column":6},"end":{"line":39,"column":null}},"17":{"start":{"line":38,"column":8},"end":{"line":38,"column":79}},"18":{"start":{"line":40,"column":19},"end":{"line":41,"column":null}},"19":{"start":{"line":43,"column":27},"end":{"line":44,"column":null}},"20":{"start":{"line":46,"column":6},"end":{"line":46,"column":71}},"21":{"start":{"line":47,"column":6},"end":{"line":47,"column":26}},"22":{"start":{"line":49,"column":6},"end":{"line":49,"column":61}},"23":{"start":{"line":54,"column":4},"end":{"line":76,"column":null}},"24":{"start":{"line":55,"column":19},"end":{"line":55,"column":54}},"25":{"start":{"line":56,"column":6},"end":{"line":58,"column":null}},"26":{"start":{"line":57,"column":8},"end":{"line":57,"column":54}},"27":{"start":{"line":60,"column":24},"end":{"line":60,"column":58}},"28":{"start":{"line":62,"column":6},"end":{"line":67,"column":null}},"29":{"start":{"line":63,"column":8},"end":{"line":66,"column":10}},"30":{"start":{"line":69,"column":20},"end":{"line":69,"column":57}},"31":{"start":{"line":70,"column":6},"end":{"line":70,"column":33}},"32":{"start":{"line":72,"column":6},"end":{"line":75,"column":8}},"33":{"start":{"line":80,"column":4},"end":{"line":86,"column":22}},"34":{"start":{"line":81,"column":19},"end":{"line":81,"column":51}},"35":{"start":{"line":82,"column":6},"end":{"line":84,"column":null}},"36":{"start":{"line":83,"column":8},"end":{"line":83,"column":42}},"37":{"start":{"line":85,"column":6},"end":{"line":85,"column":18}},"38":{"start":{"line":93,"column":4},"end":{"line":115,"column":null}},"39":{"start":{"line":94,"column":17},"end":{"line":94,"column":49}},"40":{"start":{"line":95,"column":6},"end":{"line":102,"column":null}},"41":{"start":{"line":96,"column":8},"end":{"line":96,"column":27}},"42":{"start":{"line":97,"column":8},"end":{"line":97,"column":30}},"43":{"start":{"line":98,"column":29},"end":{"line":99,"column":null}},"44":{"start":{"line":101,"column":8},"end":{"line":101,"column":73}},"45":{"start":{"line":103,"column":6},"end":{"line":103,"column":45}},"46":{"start":{"line":103,"column":20},"end":{"line":103,"column":45}},"47":{"start":{"line":105,"column":6},"end":{"line":105,"column":34}},"48":{"start":{"line":106,"column":6},"end":{"line":109,"column":8}},"49":{"start":{"line":111,"column":6},"end":{"line":114,"column":8}},"50":{"start":{"line":119,"column":4},"end":{"line":142,"column":null}},"51":{"start":{"line":120,"column":27},"end":{"line":122,"column":null}},"52":{"start":{"line":124,"column":6},"end":{"line":136,"column":null}},"53":{"start":{"line":125,"column":8},"end":{"line":125,"column":42}},"54":{"start":{"line":126,"column":8},"end":{"line":126,"column":49}},"55":{"start":{"line":127,"column":8},"end":{"line":127,"column":57}},"56":{"start":{"line":128,"column":8},"end":{"line":130,"column":10}},"57":{"start":{"line":132,"column":8},"end":{"line":135,"column":10}},"58":{"start":{"line":138,"column":6},"end":{"line":141,"column":8}},"59":{"start":{"line":14,"column":13},"end":{"line":144,"column":null}},"60":{"start":{"line":14,"column":13},"end":{"line":14,"column":25}}},"fnMap":{"0":{"name":"(anonymous_4)","decl":{"start":{"line":15,"column":2},"end":{"line":15,"column":null}},"loc":{"start":{"line":23,"column":45},"end":{"line":24,"column":6}}},"1":{"name":"(anonymous_5)","decl":{"start":{"line":26,"column":2},"end":{"line":26,"column":7}},"loc":{"start":{"line":30,"column":23},"end":{"line":51,"column":3}}},"2":{"name":"(anonymous_6)","decl":{"start":{"line":53,"column":2},"end":{"line":53,"column":7}},"loc":{"start":{"line":53,"column":45},"end":{"line":77,"column":3}}},"3":{"name":"(anonymous_7)","decl":{"start":{"line":79,"column":2},"end":{"line":79,"column":7}},"loc":{"start":{"line":79,"column":27},"end":{"line":87,"column":3}}},"4":{"name":"(anonymous_8)","decl":{"start":{"line":89,"column":2},"end":{"line":89,"column":7}},"loc":{"start":{"line":91,"column":41},"end":{"line":116,"column":3}}},"5":{"name":"(anonymous_9)","decl":{"start":{"line":118,"column":2},"end":{"line":118,"column":7}},"loc":{"start":{"line":118,"column":32},"end":{"line":143,"column":3}}}},"branchMap":{"0":{"loc":{"start":{"line":37,"column":6},"end":{"line":39,"column":null}},"type":"if","locations":[{"start":{"line":37,"column":6},"end":{"line":39,"column":null}},{"start":{"line":37,"column":6},"end":{"line":39,"column":null}}]},"1":{"loc":{"start":{"line":56,"column":6},"end":{"line":58,"column":null}},"type":"if","locations":[{"start":{"line":56,"column":6},"end":{"line":58,"column":null}},{"start":{"line":56,"column":6},"end":{"line":58,"column":null}}]},"2":{"loc":{"start":{"line":62,"column":6},"end":{"line":67,"column":null}},"type":"if","locations":[{"start":{"line":62,"column":6},"end":{"line":67,"column":null}},{"start":{"line":62,"column":6},"end":{"line":67,"column":null}}]},"3":{"loc":{"start":{"line":82,"column":6},"end":{"line":84,"column":null}},"type":"if","locations":[{"start":{"line":82,"column":6},"end":{"line":84,"column":null}},{"start":{"line":82,"column":6},"end":{"line":84,"column":null}}]},"4":{"loc":{"start":{"line":95,"column":6},"end":{"line":102,"column":null}},"type":"if","locations":[{"start":{"line":95,"column":6},"end":{"line":102,"column":null}},{"start":{"line":95,"column":6},"end":{"line":102,"column":null}}]},"5":{"loc":{"start":{"line":103,"column":6},"end":{"line":103,"column":45}},"type":"if","locations":[{"start":{"line":103,"column":6},"end":{"line":103,"column":45}},{"start":{"line":103,"column":6},"end":{"line":103,"column":45}}]},"6":{"loc":{"start":{"line":124,"column":6},"end":{"line":136,"column":null}},"type":"if","locations":[{"start":{"line":124,"column":6},"end":{"line":136,"column":null}},{"start":{"line":124,"column":6},"end":{"line":136,"column":null}}]}},"s":{"0":1,"1":1,"2":1,"3":1,"4":1,"5":1,"6":1,"7":1,"8":1,"9":6,"10":6,"11":6,"12":6,"13":6,"14":3,"15":3,"16":2,"17":1,"18":1,"19":1,"20":1,"21":1,"22":1,"23":2,"24":2,"25":2,"26":1,"27":1,"28":1,"29":1,"30":0,"31":0,"32":0,"33":0,"34":0,"35":0,"36":0,"37":0,"38":0,"39":0,"40":0,"41":0,"42":0,"43":0,"44":0,"45":0,"46":0,"47":0,"48":0,"49":0,"50":0,"51":0,"52":0,"53":0,"54":0,"55":0,"56":0,"57":0,"58":0,"59":1,"60":1},"f":{"0":6,"1":3,"2":2,"3":0,"4":0,"5":0},"b":{"0":[1,1],"1":[1,1],"2":[1,0],"3":[0,0],"4":[0,0],"5":[0,0],"6":[0,0]}}
}
